<?xml version="1.0" encoding="UTF-8"?>
<!-- Generated by org.testng.reporters.JUnitXMLReporter -->
<testsuite hostname="susmithas-mbp.lan" ignored="0" tests="2" failures="1" timestamp="2022-04-01T13:11:58 PDT" time="10.095" errors="0">
  <testcase name="FirefoxTest" time="7.045" classname="TestNGPrac"/>
  <testcase name="ChromeTest" time="10.062" classname="TestNGPrac">
    <failure type="org.openqa.selenium.StaleElementReferenceException" message="The element reference of &amp;lt;div class=&amp;quot;card mt-4 top-card&amp;quot;&amp;gt; is stale; either the element is no longer attached to the DOM, it is not in the current frame context, or the document has been refreshed
For documentation on this error, please visit: https://selenium.dev/exceptions/#stale_element_reference
Build info: version: &amp;apos;4.0.0&amp;apos;, revision: &amp;apos;3a21814679&amp;apos;
System info: host: &amp;apos;susmithas-mbp.lan&amp;apos;, ip: &amp;apos;fe80:0:0:0:141a:bbcb:769d:5beb%en0&amp;apos;, os.name: &amp;apos;Mac OS X&amp;apos;, os.arch: &amp;apos;x86_64&amp;apos;, os.version: &amp;apos;10.16&amp;apos;, java.version: &amp;apos;1.8.0_311&amp;apos;
Driver info: org.openqa.selenium.firefox.FirefoxDriver
Command: [5ef1beaf-2fda-4c05-8d4e-9cd60cbef113, executeScript {script=arguments[0].click(), args=[{ELEMENT=8b60e9be-9f23-4f4a-be1f-0c51e13ce729, element-6066-11e4-a52e-4f735466cecf=8b60e9be-9f23-4f4a-be1f-0c51e13ce729}]}]
Capabilities {acceptInsecureCerts: true, browserName: firefox, browserVersion: 97.0.1, javascriptEnabled: true, moz:accessibilityChecks: false, moz:buildID: 20220216172458, moz:debuggerAddress: localhost:50270, moz:geckodriverVersion: 0.30.0, moz:headless: false, moz:processID: 81326, moz:profile: /var/folders/l7/s8202kts2c1..., moz:shutdownTimeout: 60000, moz:useNonSpecCompliantPointerOrigin: false, moz:webdriverClick: true, pageLoadStrategy: normal, platform: MAC, platformName: MAC, platformVersion: 21.1.0, proxy: Proxy(), se:cdp: ws://localhost:50270/devtoo..., se:cdpVersion: 85, setWindowRect: true, strictFileInteractability: false, timeouts: {implicit: 0, pageLoad: 300000, script: 30000}, unhandledPromptBehavior: dismiss and notify}
Session ID: 5ef1beaf-2fda-4c05-8d4e-9cd60cbef113">
      <![CDATA[org.openqa.selenium.StaleElementReferenceException: The element reference of <div class="card mt-4 top-card"> is stale; either the element is no longer attached to the DOM, it is not in the current frame context, or the document has been refreshed
For documentation on this error, please visit: https://selenium.dev/exceptions/#stale_element_reference
Build info: version: '4.0.0', revision: '3a21814679'
System info: host: 'susmithas-mbp.lan', ip: 'fe80:0:0:0:141a:bbcb:769d:5beb%en0', os.name: 'Mac OS X', os.arch: 'x86_64', os.version: '10.16', java.version: '1.8.0_311'
Driver info: org.openqa.selenium.firefox.FirefoxDriver
Command: [5ef1beaf-2fda-4c05-8d4e-9cd60cbef113, executeScript {script=arguments[0].click(), args=[{ELEMENT=8b60e9be-9f23-4f4a-be1f-0c51e13ce729, element-6066-11e4-a52e-4f735466cecf=8b60e9be-9f23-4f4a-be1f-0c51e13ce729}]}]
Capabilities {acceptInsecureCerts: true, browserName: firefox, browserVersion: 97.0.1, javascriptEnabled: true, moz:accessibilityChecks: false, moz:buildID: 20220216172458, moz:debuggerAddress: localhost:50270, moz:geckodriverVersion: 0.30.0, moz:headless: false, moz:processID: 81326, moz:profile: /var/folders/l7/s8202kts2c1..., moz:shutdownTimeout: 60000, moz:useNonSpecCompliantPointerOrigin: false, moz:webdriverClick: true, pageLoadStrategy: normal, platform: MAC, platformName: MAC, platformVersion: 21.1.0, proxy: Proxy(), se:cdp: ws://localhost:50270/devtoo..., se:cdpVersion: 85, setWindowRect: true, strictFileInteractability: false, timeouts: {implicit: 0, pageLoad: 300000, script: 30000}, unhandledPromptBehavior: dismiss and notify}
Session ID: 5ef1beaf-2fda-4c05-8d4e-9cd60cbef113
at org.openqa.selenium.remote.codec.w3c.W3CHttpResponseCodec.createException(W3CHttpResponseCodec.java:200)
at org.openqa.selenium.remote.codec.w3c.W3CHttpResponseCodec.decode(W3CHttpResponseCodec.java:133)
at org.openqa.selenium.remote.codec.w3c.W3CHttpResponseCodec.decode(W3CHttpResponseCodec.java:53)
at org.openqa.selenium.remote.HttpCommandExecutor.execute(HttpCommandExecutor.java:184)
at org.openqa.selenium.remote.service.DriverCommandExecutor.invokeExecute(DriverCommandExecutor.java:164)
at org.openqa.selenium.remote.service.DriverCommandExecutor.execute(DriverCommandExecutor.java:139)
at org.openqa.selenium.remote.RemoteWebDriver.execute(RemoteWebDriver.java:559)
at org.openqa.selenium.remote.RemoteWebDriver.executeScript(RemoteWebDriver.java:493)
at TestNGPrac.ChromeTest(TestNGPrac.java:19)
at java.util.concurrent.ThreadPoolExecutor.runWorker(ThreadPoolExecutor.java:1149)
at java.util.concurrent.ThreadPoolExecutor$Worker.run(ThreadPoolExecutor.java:624)
at java.lang.Thread.run(Thread.java:748)
... Removed 16 stack frames]]>
    </failure>
  </testcase> <!-- ChromeTest -->
</testsuite>
