<?xml version="1.0" encoding="UTF-8"?>
<testng-results skipped="0" failed="0" ignored="0" total="1" passed="1">
  <reporter-output>
  </reporter-output>
  <suite name="Default suite" duration-ms="8147" started-at="2022-04-05T22:38:29 PDT" finished-at="2022-04-05T22:38:37 PDT">
    <groups>
    </groups>
    <test name="Default test" duration-ms="8147" started-at="2022-04-05T22:38:29 PDT" finished-at="2022-04-05T22:38:37 PDT">
      <class name="DemoExtentReports">
        <test-method status="PASS" signature="config()[pri:0, instance:DemoExtentReports@130f889]" name="config" is-config="true" duration-ms="174" started-at="2022-04-05T22:38:29 PDT" finished-at="2022-04-05T22:38:29 PDT">
          <reporter-output>
          </reporter-output>
        </test-method> <!-- config -->
        <test-method status="PASS" signature="Demo()[pri:0, instance:DemoExtentReports@130f889]" name="Demo" duration-ms="7944" started-at="2022-04-05T22:38:29 PDT" finished-at="2022-04-05T22:38:37 PDT">
          <reporter-output>
          </reporter-output>
        </test-method> <!-- Demo -->
      </class> <!-- DemoExtentReports -->
    </test> <!-- Default test -->
  </suite> <!-- Default suite -->
</testng-results>
